<?xml version="1.0" encoding="UTF-8"?>
<!-- Generated by org.testng.reporters.JUnitXMLReporter -->
<testsuite ignored="0" hostname="DESKTOP-UG58GIN" failures="0" tests="4" name="Default test" time="42.217" errors="0" timestamp="2022-05-09T00:28:23 ART">
  <testcase classname="testingJson.DDTestUsingJSON" name="login" time="12.204"/>
  <testcase classname="testingJson.DDTestUsingJSON" name="login" time="6.338"/>
  <testcase classname="testingJson.DDTestUsingJSON" name="login" time="7.504"/>
  <testcase classname="testingJson.DDTestUsingJSON" name="login" time="16.102"/>
</testsuite> <!-- Default test -->
