<?xml version="1.0" encoding="UTF-8"?>
<testng-results ignored="0" total="4" passed="4" failed="0" skipped="0">
  <reporter-output>
  </reporter-output>
  <suite started-at="2022-05-09T00:27:41 ART" name="Default suite" finished-at="2022-05-09T00:28:23 ART" duration-ms="42217">
    <groups>
    </groups>
    <test started-at="2022-05-09T00:27:41 ART" name="Default test" finished-at="2022-05-09T00:28:23 ART" duration-ms="42217">
      <class name="testingJson.DDTestUsingJSON">
        <test-method signature="login(java.lang.String)[pri:0, instance:testingJson.DDTestUsingJSON@383f1975]" started-at="2022-05-09T00:27:41 ART" name="login" data-provider="DataBase" finished-at="2022-05-09T00:27:53 ART" duration-ms="12204" status="PASS">
          <params>
            <param index="0">
              <value>
                <![CDATA[kaizen@automation1.com , Kaizen1]]>
              </value>
            </param>
          </params>
          <reporter-output>
          </reporter-output>
        </test-method> <!-- login -->
        <test-method signature="login(java.lang.String)[pri:0, instance:testingJson.DDTestUsingJSON@383f1975]" started-at="2022-05-09T00:27:53 ART" name="login" data-provider="DataBase" finished-at="2022-05-09T00:28:00 ART" duration-ms="6338" status="PASS">
          <params>
            <param index="0">
              <value>
                <![CDATA[kaizen@automation2.com , Kaizen1]]>
              </value>
            </param>
          </params>
          <reporter-output>
          </reporter-output>
        </test-method> <!-- login -->
        <test-method signature="login(java.lang.String)[pri:0, instance:testingJson.DDTestUsingJSON@383f1975]" started-at="2022-05-09T00:28:00 ART" name="login" data-provider="DataBase" finished-at="2022-05-09T00:28:07 ART" duration-ms="7504" status="PASS">
          <params>
            <param index="0">
              <value>
                <![CDATA[kaizen@automation3.com , Kaizen1]]>
              </value>
            </param>
          </params>
          <reporter-output>
          </reporter-output>
        </test-method> <!-- login -->
        <test-method signature="login(java.lang.String)[pri:0, instance:testingJson.DDTestUsingJSON@383f1975]" started-at="2022-05-09T00:28:07 ART" name="login" data-provider="DataBase" finished-at="2022-05-09T00:28:23 ART" duration-ms="16102" status="PASS">
          <params>
            <param index="0">
              <value>
                <![CDATA[kaizen@automation4.com , Kaizen1]]>
              </value>
            </param>
          </params>
          <reporter-output>
          </reporter-output>
        </test-method> <!-- login -->
      </class> <!-- testingJson.DDTestUsingJSON -->
    </test> <!-- Default test -->
  </suite> <!-- Default suite -->
</testng-results>
