<?xml version="1.0" encoding="UTF-8"?>
<testng-results total="1" passed="1" failed="0" skipped="0">
  <reporter-output>
  </reporter-output>
  <suite started-at="2022-05-05T11:21:23Z" name="Suite" finished-at="2022-05-05T11:22:47Z" duration-ms="84296">
    <groups>
    </groups>
    <test started-at="2022-05-05T11:21:23Z" name="TestAutoPrac" finished-at="2022-05-05T11:22:47Z" duration-ms="84296">
      <class name="com.automationpractice.test.ApTest">
        <test-method is-config="true" signature="beforeClass()[pri:0, instance:com.automationpractice.test.ApTest@5454d35e]" started-at="2022-05-05T08:21:23Z" name="beforeClass" finished-at="2022-05-05T08:21:32Z" duration-ms="9788" status="PASS">
          <reporter-output>
          </reporter-output>
        </test-method> <!-- beforeClass -->
        <test-method signature="firstTest()[pri:0, instance:com.automationpractice.test.ApTest@5454d35e]" started-at="2022-05-05T08:21:32Z" name="firstTest" finished-at="2022-05-05T08:22:43Z" duration-ms="70254" status="PASS">
          <reporter-output>
          </reporter-output>
        </test-method> <!-- firstTest -->
        <test-method is-config="true" signature="afterClass()[pri:0, instance:com.automationpractice.test.ApTest@5454d35e]" started-at="2022-05-05T08:22:43Z" name="afterClass" finished-at="2022-05-05T08:22:47Z" duration-ms="4230" status="PASS">
          <reporter-output>
          </reporter-output>
        </test-method> <!-- afterClass -->
      </class> <!-- com.automationpractice.test.ApTest -->
    </test> <!-- TestAutoPrac -->
  </suite> <!-- Suite -->
</testng-results>
