<?xml version="1.0" encoding="UTF-8"?>
<testng-results total="1" passed="1" failed="0" skipped="0">
  <reporter-output>
  </reporter-output>
  <suite started-at="2022-04-26T16:58:54Z" name="Default suite" finished-at="2022-04-26T16:59:15Z" duration-ms="21213">
    <groups>
    </groups>
    <test started-at="2022-04-26T16:58:54Z" name="Default test" finished-at="2022-04-26T16:59:15Z" duration-ms="21213">
      <class name="com.pack.common.test.Login_Frt">
        <test-method is-config="true" signature="beforeClass()[pri:0, instance:com.pack.common.test.Login_Frt@457c9034]" started-at="2022-04-26T13:58:54Z" name="beforeClass" finished-at="2022-04-26T13:59:02Z" duration-ms="8386" status="PASS">
          <reporter-output>
          </reporter-output>
        </test-method> <!-- beforeClass -->
        <test-method signature="login_Frt()[pri:0, instance:com.pack.common.test.Login_Frt@457c9034]" started-at="2022-04-26T13:59:02Z" name="login_Frt" finished-at="2022-04-26T13:59:15Z" duration-ms="12434" status="PASS">
          <reporter-output>
          </reporter-output>
        </test-method> <!-- login_Frt -->
        <test-method is-config="true" signature="afterClass()[pri:0, instance:com.pack.common.test.Login_Frt@457c9034]" started-at="2022-04-26T13:59:15Z" name="afterClass" finished-at="2022-04-26T13:59:15Z" duration-ms="377" status="PASS">
          <reporter-output>
          </reporter-output>
        </test-method> <!-- afterClass -->
      </class> <!-- com.pack.common.test.Login_Frt -->
    </test> <!-- Default test -->
  </suite> <!-- Default suite -->
</testng-results>
